10/06/2022 11:33:17	This log contains information about the import schema operation into project 'Database1' on computer 'DMSWECLP05' by user 'Sander'.
10/06/2022 11:33:21	Import of database schema has started.
10/06/2022 11:33:22	Gathering database credentials
10/06/2022 11:33:22	Gathering database options
10/06/2022 11:33:22	Gathering generic database scoped configuration option
10/06/2022 11:33:22	Gathering users
10/06/2022 11:33:22	Gathering roles
10/06/2022 11:33:22	Gathering application roles
10/06/2022 11:33:22	Gathering role memberships
10/06/2022 11:33:22	Gathering filegroups
10/06/2022 11:33:22	Gathering full-text catalogs
10/06/2022 11:33:22	Gathering assemblies
10/06/2022 11:33:22	Gathering certificates
10/06/2022 11:33:22	Gathering asymmetric keys
10/06/2022 11:33:22	Gathering symmetric keys
10/06/2022 11:33:22	Gathering encrypted symmetric keys
10/06/2022 11:33:22	Gathering schemas
10/06/2022 11:33:22	Gathering XML schema collections
10/06/2022 11:33:22	Gathering user-defined data types
10/06/2022 11:33:22	Gathering user-defined types
10/06/2022 11:33:22	Gathering table types
10/06/2022 11:33:22	Gathering unique keys for table types
10/06/2022 11:33:22	Gathering primary keys for table types
10/06/2022 11:33:22	Gathering indexes for table types
10/06/2022 11:33:22	Gathering check constraints for table types
10/06/2022 11:33:22	Gathering default constraints for table types
10/06/2022 11:33:22	Gathering partition functions
10/06/2022 11:33:22	Gathering partition schemes
10/06/2022 11:33:22	Gathering functions
10/06/2022 11:33:22	Gathering encrypted functions
10/06/2022 11:33:22	Gathering aggregates
10/06/2022 11:33:22	Gathering procedures
10/06/2022 11:33:22	Gathering encrypted procedures
10/06/2022 11:33:22	Gathering tables
10/06/2022 11:33:22	Gathering primary keys
10/06/2022 11:33:22	Gathering unique constraints
10/06/2022 11:33:22	Gathering foreign keys
10/06/2022 11:33:22	Gathering default constraints
10/06/2022 11:33:22	Gathering check constraints
10/06/2022 11:33:22	Gathering views
10/06/2022 11:33:22	Gathering encrypted views
10/06/2022 11:33:22	Gathering indexes
10/06/2022 11:33:22	Gathering statistics
10/06/2022 11:33:22	Gathering full-text index stoplists
10/06/2022 11:33:22	Gathering search property lists
10/06/2022 11:33:22	Gathering search properties
10/06/2022 11:33:22	Gathering full-text indexes
10/06/2022 11:33:22	Gathering column store indexes
10/06/2022 11:33:22	Gathering spatial indexes
10/06/2022 11:33:22	Gathering XML indexes
10/06/2022 11:33:22	Gathering Selective XML indexes
10/06/2022 11:33:22	Gathering encrypted triggers
10/06/2022 11:33:22	Gathering triggers
10/06/2022 11:33:22	Gathering encrypted and clr ddl triggers
10/06/2022 11:33:22	Gathering ddl triggers
10/06/2022 11:33:22	Creating edge constraints
10/06/2022 11:33:22	Gathering synonyms
10/06/2022 11:33:22	Gathering defaults
10/06/2022 11:33:22	Gathering data constraint uddt bindings
10/06/2022 11:33:22	Gathering rules
10/06/2022 11:33:22	Gathering data constraint uddt bindings
10/06/2022 11:33:22	Gathering message types
10/06/2022 11:33:22	Gathering queues
10/06/2022 11:33:22	Gathering contracts
10/06/2022 11:33:22	Gathering services
10/06/2022 11:33:22	Gathering event notifications
10/06/2022 11:33:22	Gathering remote service bindings
10/06/2022 11:33:22	Gathering broker priorities
10/06/2022 11:33:22	Gathering signatures
10/06/2022 11:33:22	Gathering data compression options
10/06/2022 11:33:22	Gathering sequence types
10/06/2022 11:33:22	Gathering security policies
10/06/2022 11:33:22	Gather column encryption keys
10/06/2022 11:33:22	Gathering column master keys
10/06/2022 11:33:22	Gathering external data sources
10/06/2022 11:33:22	Gathering external file formats
10/06/2022 11:33:22	Gathering external tables
10/06/2022 11:33:22	Gathering extended properties
10/06/2022 11:33:22	Gathering assemblies
10/06/2022 11:33:22	Gathering credentials
10/06/2022 11:33:22	Gathering logins
10/06/2022 11:33:22	Gathering server audits
10/06/2022 11:33:22	An exception was encountered while attempting to retrieve the default data path: ''.  As a result, absolute paths may appear in ADD FILE statements.
10/06/2022 11:33:23	Scanning project for duplicate elements
10/06/2022 11:33:23	Finished duplicate element processing
10/06/2022 11:33:24	Finished importing database.
10/06/2022 11:33:24	A summary of the import was saved to the following location: C:\temp\Database1\Database1\Import Schema Logs\Database1_20220610093317.log
10/06/2022 11:33:24	Click Finish to continue...
